<?xml version="1.0" encoding="UTF-8"?>
<testsuite xmlns:xsi="http://www.w3.org/2001/XMLSchema-instance" xsi:noNamespaceSchemaLocation="https://maven.apache.org/surefire/maven-surefire-plugin/xsd/surefire-test-report.xsd" name="com.alibaba.csp.sentinel.dashboard.controller.gateway.GatewayApiControllerTest" time="22.071" tests="4" errors="0" skipped="0" failures="0">
  <properties>
[...]
</properties>
  <testcase name="testUpdateApi" classname="com.alibaba.csp.sentinel.dashboard.controller.gateway.GatewayApiControllerTest" time="0.105"/>
  <testcase name="testQueryApis" classname="com.alibaba.csp.sentinel.dashboard.controller.gateway.GatewayApiControllerTest" time="0.104"/>
  <testcase name="testDeleteApi" classname="com.alibaba.csp.sentinel.dashboard.controller.gateway.GatewayApiControllerTest" time="0.095"/>
  <testcase name="testAddApi" classname="com.alibaba.csp.sentinel.dashboard.controller.gateway.GatewayApiControllerTest" time="0.076"/>
</testsuite>